[16:42:33] [main/INFO]: Logging in with username & password
[16:42:38] [main/INFO]: Setting user: jack25440
[16:42:39] [Client thread/INFO]: LWJGL Version: 2.9.1
[16:42:43] [Client thread/INFO]: Reloading ResourceManager: Default, FMLFileResourcePack:Forge Mod Loader, FMLFileResourcePack:Minecraft Forge, FMLFileResourcePack:Emanon
[16:42:44] [Sound Library Loader/INFO]: Sound engine started
[16:42:44] [Client thread/INFO]: Created: 512x256 textures/blocks-atlas
[16:42:44] [Client thread/INFO]: Created: 512x512 textures/items-atlas
[16:42:44] [Client thread/INFO]: Reloading ResourceManager: Default, FMLFileResourcePack:Forge Mod Loader, FMLFileResourcePack:Minecraft Forge, FMLFileResourcePack:Emanon
[16:42:45] [Client thread/INFO]: Created: 512x256 textures/blocks-atlas
[16:42:45] [Client thread/INFO]: Created: 512x512 textures/items-atlas
[16:42:45] [Sound Library Loader/INFO]: Sound engine started
[16:42:57] [Server thread/INFO]: Starting integrated minecraft server version 1.7.10
[16:42:57] [Server thread/INFO]: Generating keypair
[16:42:57] [Server thread/INFO]: Preparing start region for level 0
[16:42:58] [Server thread/INFO]: Changing view distance to 12, from 10
[16:42:58] [Server thread/INFO]: jack25440[local:E:8a32f267] logged in with entity id 169 at (-385.12125468888604, 4.0, -332.30467172106205)
[16:42:58] [Server thread/INFO]: jack25440 joined the game
[16:42:58] [Server thread/INFO]: Saving and pausing game...
[16:42:58] [Server thread/INFO]: Saving chunks for level 'New World'/Overworld
[16:42:58] [Server thread/INFO]: Saving chunks for level 'New World'/Nether
[16:42:58] [Server thread/INFO]: Saving chunks for level 'New World'/The End
[16:43:33] [Server thread/INFO]: Saving and pausing game...
[16:43:33] [Server thread/INFO]: Saving chunks for level 'New World'/Overworld
[16:43:33] [Server thread/INFO]: Saving chunks for level 'New World'/Nether
[16:43:33] [Server thread/INFO]: Saving chunks for level 'New World'/The End
